<?xml version="1.0" encoding="UTF-8"?>
<!-- Generated by org.testng.reporters.JUnitXMLReporter -->
<testsuite ignored="0" hostname="LAPTOP-67LBH4B7" failures="0" tests="0" name="smoketest" time="0.076" errors="0" timestamp="23 Mar 2022 23:21:07 GMT">
  <testcase classname="io.cucumber.testng.AbstractTestNGCucumberTests" name="@BeforeClass setUpClass" time="0.055">
    <failure type="java.lang.AbstractMethodError" message="Receiver class io.cucumber.testng.TestNGCucumberOptionsProvider$TestNGCucumberOptions does not define or inherit an implementation of the resolved method abstract strict()Z of interface io.cucumber.core.options.CucumberOptionsAnnotationParser$CucumberOptions.">
      <![CDATA[java.lang.AbstractMethodError: Receiver class io.cucumber.testng.TestNGCucumberOptionsProvider$TestNGCucumberOptions does not define or inherit an implementation of the resolved method abstract strict()Z of interface io.cucumber.core.options.CucumberOptionsAnnotationParser$CucumberOptions.
at io.cucumber.core.options.CucumberOptionsAnnotationParser.addStrict(CucumberOptionsAnnotationParser.java:98)
at io.cucumber.core.options.CucumberOptionsAnnotationParser.parse(CucumberOptionsAnnotationParser.java:43)
at io.cucumber.testng.TestNGCucumberRunner.<init>(TestNGCucumberRunner.java:85)
at io.cucumber.testng.AbstractTestNGCucumberTests.setUpClass(AbstractTestNGCucumberTests.java:27)
... Removed 26 stack frames]]>
    </failure>
  </testcase> <!-- @BeforeClass setUpClass -->
</testsuite> <!-- smoketest -->
